   1.1101016e+00   1.0343191e+00
   1.0930017e+00   1.0296923e+00
   1.0405012e+00   1.0861733e+00
   1.0599161e+00   1.0825394e+00
   1.1575644e+00   1.0418030e+00
   1.0723985e+00   1.0302237e+00
   1.0760574e+00   9.9380135e-01
   1.0955891e+00   1.0421167e+00
   1.0301205e+00   1.0707625e+00
   1.0490895e+00   1.0204876e+00
   1.0506437e+00   1.0039047e+00
   1.0522382e+00   1.0230648e+00
   1.0974403e+00   1.0152028e+00
   1.0741665e+00   1.0549111e+00
   1.0474971e+00   1.0676961e+00
   1.0348824e+00   1.0402599e+00
   1.0762201e+00   1.0911062e+00
   1.0773964e+00   1.0640130e+00
   1.0820044e+00   1.0827570e+00
   1.0524610e+00   1.0127133e+00
   1.0529959e+00   9.9484956e-01
   9.9490417e-01   1.0548364e+00
   1.0148120e+00   9.9174754e-01
   1.0862816e+00   1.0940849e+00
   1.0402636e+00   9.6776474e-01
   1.0016288e+00   1.0397591e+00
   1.0614504e+00   1.1232876e+00
   1.0405012e+00   1.0861733e+00
   1.0841225e+00   9.7442795e-01
   1.0412785e+00   1.0821548e+00
   1.0667002e+00   1.0257553e+00
   1.1363242e+00   1.0343437e+00
   1.0753254e+00   1.8690481e+00
   1.0703488e+00   1.0169425e+00
   1.0145871e+00   1.0329178e+00
   1.1098954e+00   1.0146308e+00
   1.0969527e+00   1.1030815e+00
   1.0234565e+00   1.0136355e+00
   1.0841924e+00   1.3561747e+00
   1.0451344e+00   1.0376539e+00
   1.1442164e+00   1.2399247e+00
   1.0508224e+00   1.1045196e+00
   1.1186570e+00   9.6996749e-01
   1.1248877e+00   1.0365756e+00
   1.0566703e+00   1.0307649e+00
   1.0329212e+00   1.0496378e+00
   1.0131932e+00   1.0382861e+00
   1.1119130e+00   1.0896767e+00
   1.0363627e+00   1.0301228e+00
   1.0388144e+00   1.0049267e+00
   1.0493857e+00   1.0435006e+00
   1.0674499e+00   1.0342079e+00
   1.1251881e+00   9.7621576e-01
   1.1030496e+00   1.0989512e+00
   1.0407431e+00   1.0186507e+00
   1.1200320e+00   1.0095091e+00
   1.0930017e+00   1.0296923e+00
   1.1593623e+00   1.0289390e+00
   1.0101841e+00   9.6374584e-01
   1.0693557e+00   9.9511607e-01
   1.0632230e+00   9.6702854e-01
   1.0797288e+00   1.3917596e+00
   1.1575644e+00   1.0418030e+00
   1.0496407e+00   1.0064024e+00
   1.0745860e+00   1.0581453e+00
   1.0723985e+00   1.0302237e+00
   1.0479414e+00   1.0532963e+00
   1.0627554e+00   1.0398336e+00
   1.0737368e+00   1.0884869e+00
   1.0301205e+00   1.0707625e+00
   1.1443392e+00   1.2840099e+00
   1.0804902e+00   1.0099666e+00
   1.0788503e+00   1.0071862e+00
   1.0651359e+00   1.0153112e+00
   1.0546249e+00   1.0427692e+00
   1.0399567e+00   1.1356345e+00
   1.0645659e+00   1.4475644e+00
   1.0490895e+00   1.0204876e+00
   1.0506437e+00   1.0039047e+00
   1.0348824e+00   1.0402599e+00
   1.1128566e+00   1.0132772e+00
   1.0127251e+00   9.9657769e-01
   1.0677108e+00   1.2378710e+00
   1.0886035e+00   1.2860833e+00
   1.0769736e+00   9.9496712e-01
   1.1483410e+00   1.7872713e+00
   1.1554643e+00   1.0711339e+00
   1.0807399e+00   1.0097054e+00
   1.0762201e+00   1.0911062e+00
   1.0845532e+00   1.0350233e+00
   1.0188550e+00   9.7875313e-01
   1.0058467e+00   1.0442802e+00
   1.0947849e+00   1.0546756e+00
   9.9490417e-01   1.0548364e+00
   1.0148120e+00   9.9174754e-01
   1.0635583e+00   9.6396043e-01
   1.0173944e+00   1.0030084e+00
   1.0896738e+00   1.0443535e+00
   1.0930017e+00   1.0296923e+00
   1.0405012e+00   1.0861733e+00
   1.0330989e+00   9.9450713e-01
   1.0797288e+00   1.3917596e+00
   1.1368938e+00   1.0276934e+00
   1.0367925e+00   1.0549814e+00
   1.1101016e+00   1.0343191e+00
   1.0342507e+00   9.6179511e-01
   1.0523149e+00   1.0427611e+00
   1.0529959e+00   9.9484956e-01
   1.0056727e+00   1.0683321e+00
   1.0927520e+00   1.2084175e+00
   1.0047937e+00   1.2196151e+00
   1.0842838e+00   9.6311874e-01
   1.0435869e+00   1.1189270e+00
   1.0264205e+00   9.7388378e-01
